This is pdfTeX, Version 3.14159265-2.6-1.40.21 (TeX Live 2020/W32TeX) (preloaded format=pdflatex 2021.2.11)  15 APR 2021 07:52
entering extended mode
 restricted \write18 enabled.
 %&-line parsing enabled.
**dcr_white_identity_sources_mpsa_2021.tex
(./dcr_white_identity_sources_mpsa_2021.tex
LaTeX2e <2020-10-01> patch level 4
L3 programming layer <2021-02-06>
(c:/texlive/2020/texmf-dist/tex/latex/beamer/beamer.cls
Document Class: beamer 2021/02/09 v3.61 A class for typesetting presentations
(c:/texlive/2020/texmf-dist/tex/latex/beamer/beamerbasemodes.sty
(c:/texlive/2020/texmf-dist/tex/latex/etoolbox/etoolbox.sty
Package: etoolbox 2020/10/05 v2.5k e-TeX tools for LaTeX (JAW)
\etb@tempcnta=\count177
)
\beamer@tempbox=\box47
\beamer@tempcount=\count178
\c@beamerpauses=\count179

(c:/texlive/2020/texmf-dist/tex/latex/beamer/beamerbasedecode.sty
\beamer@slideinframe=\count180
\beamer@minimum=\count181
\beamer@decode@box=\box48
)
\beamer@commentbox=\box49
\beamer@modecount=\count182
)
(c:/texlive/2020/texmf-dist/tex/generic/iftex/ifpdf.sty
Package: ifpdf 2019/10/25 v3.4 ifpdf legacy package. Use iftex instead.

(c:/texlive/2020/texmf-dist/tex/generic/iftex/iftex.sty
Package: iftex 2020/03/06 v1.0d TeX engine tests
))
\headdp=\dimen138
\footheight=\dimen139
\sidebarheight=\dimen140
\beamer@tempdim=\dimen141
\beamer@finalheight=\dimen142
\beamer@animht=\dimen143
\beamer@animdp=\dimen144
\beamer@animwd=\dimen145
\beamer@leftmargin=\dimen146
\beamer@rightmargin=\dimen147
\beamer@leftsidebar=\dimen148
\beamer@rightsidebar=\dimen149
\beamer@boxsize=\dimen150
\beamer@vboxoffset=\dimen151
\beamer@descdefault=\dimen152
\beamer@descriptionwidth=\dimen153
\beamer@lastskip=\skip47
\beamer@areabox=\box50
\beamer@animcurrent=\box51
\beamer@animshowbox=\box52
\beamer@sectionbox=\box53
\beamer@logobox=\box54
\beamer@linebox=\box55
\beamer@sectioncount=\count183
\beamer@subsubsectionmax=\count184
\beamer@subsectionmax=\count185
\beamer@sectionmax=\count186
\beamer@totalheads=\count187
\beamer@headcounter=\count188
\beamer@partstartpage=\count189
\beamer@sectionstartpage=\count190
\beamer@subsectionstartpage=\count191
\beamer@animationtempa=\count192
\beamer@animationtempb=\count193
\beamer@xpos=\count194
\beamer@ypos=\count195
\beamer@ypos@offset=\count196
\beamer@showpartnumber=\count197
\beamer@currentsubsection=\count198
\beamer@coveringdepth=\count199
\beamer@sectionadjust=\count266
\beamer@tocsectionnumber=\count267

(c:/texlive/2020/texmf-dist/tex/latex/beamer/beamerbaseoptions.sty
(c:/texlive/2020/texmf-dist/tex/latex/graphics/keyval.sty
Package: keyval 2014/10/28 v1.15 key=value parser (DPC)
\KV@toks@=\toks15
))
\beamer@paperwidth=\skip48
\beamer@paperheight=\skip49

(c:/texlive/2020/texmf-dist/tex/latex/geometry/geometry.sty
Package: geometry 2020/01/02 v5.9 Page Geometry

(c:/texlive/2020/texmf-dist/tex/generic/iftex/ifvtex.sty
Package: ifvtex 2019/10/25 v1.7 ifvtex legacy package. Use iftex instead.
)
\Gm@cnth=\count268
\Gm@cntv=\count269
\c@Gm@tempcnt=\count270
\Gm@bindingoffset=\dimen154
\Gm@wd@mp=\dimen155
\Gm@odd@mp=\dimen156
\Gm@even@mp=\dimen157
\Gm@layoutwidth=\dimen158
\Gm@layoutheight=\dimen159
\Gm@layouthoffset=\dimen160
\Gm@layoutvoffset=\dimen161
\Gm@dimlist=\toks16
)

Class beamer Warning: ``serif'' option is obsolete. Use font theme ``serif'' in
stead on input line 336.

(c:/texlive/2020/texmf-dist/tex/latex/base/size11.clo
File: size11.clo 2020/04/10 v1.4m Standard LaTeX file (size option)
)
(c:/texlive/2020/texmf-dist/tex/latex/pgf/basiclayer/pgfcore.sty
(c:/texlive/2020/texmf-dist/tex/latex/graphics/graphicx.sty
Package: graphicx 2020/09/09 v1.2b Enhanced LaTeX Graphics (DPC,SPQR)

(c:/texlive/2020/texmf-dist/tex/latex/graphics/graphics.sty
Package: graphics 2020/08/30 v1.4c Standard LaTeX Graphics (DPC,SPQR)

(c:/texlive/2020/texmf-dist/tex/latex/graphics/trig.sty
Package: trig 2016/01/03 v1.10 sin cos tan (DPC)
)
(c:/texlive/2020/texmf-dist/tex/latex/graphics-cfg/graphics.cfg
File: graphics.cfg 2016/06/04 v1.11 sample graphics configuration
)
Package graphics Info: Driver file: pdftex.def on input line 105.

(c:/texlive/2020/texmf-dist/tex/latex/graphics-def/pdftex.def
File: pdftex.def 2020/10/05 v1.2a Graphics/color driver for pdftex
))
\Gin@req@height=\dimen162
\Gin@req@width=\dimen163
)
(c:/texlive/2020/texmf-dist/tex/latex/pgf/systemlayer/pgfsys.sty
(c:/texlive/2020/texmf-dist/tex/latex/pgf/utilities/pgfrcs.sty
(c:/texlive/2020/texmf-dist/tex/generic/pgf/utilities/pgfutil-common.tex
\pgfutil@everybye=\toks17
\pgfutil@tempdima=\dimen164
\pgfutil@tempdimb=\dimen165

(c:/texlive/2020/texmf-dist/tex/generic/pgf/utilities/pgfutil-common-lists.tex)
) (c:/texlive/2020/texmf-dist/tex/generic/pgf/utilities/pgfutil-latex.def
\pgfutil@abb=\box56
)
(c:/texlive/2020/texmf-dist/tex/generic/pgf/utilities/pgfrcs.code.tex
(c:/texlive/2020/texmf-dist/tex/generic/pgf/pgf.revision.tex)
Package: pgfrcs 2020/12/27 v3.1.8b (3.1.8b)
))
(c:/texlive/2020/texmf-dist/tex/generic/pgf/systemlayer/pgfsys.code.tex
Package: pgfsys 2020/12/27 v3.1.8b (3.1.8b)

(c:/texlive/2020/texmf-dist/tex/generic/pgf/utilities/pgfkeys.code.tex
\pgfkeys@pathtoks=\toks18
\pgfkeys@temptoks=\toks19

(c:/texlive/2020/texmf-dist/tex/generic/pgf/utilities/pgfkeysfiltered.code.tex
\pgfkeys@tmptoks=\toks20
))
\pgf@x=\dimen166
\pgf@y=\dimen167
\pgf@xa=\dimen168
\pgf@ya=\dimen169
\pgf@xb=\dimen170
\pgf@yb=\dimen171
\pgf@xc=\dimen172
\pgf@yc=\dimen173
\pgf@xd=\dimen174
\pgf@yd=\dimen175
\w@pgf@writea=\write3
\r@pgf@reada=\read2
\c@pgf@counta=\count271
\c@pgf@countb=\count272
\c@pgf@countc=\count273
\c@pgf@countd=\count274
\t@pgf@toka=\toks21
\t@pgf@tokb=\toks22
\t@pgf@tokc=\toks23
\pgf@sys@id@count=\count275
 (c:/texlive/2020/texmf-dist/tex/generic/pgf/systemlayer/pgf.cfg
File: pgf.cfg 2020/12/27 v3.1.8b (3.1.8b)
)
Driver file for pgf: pgfsys-pdftex.def

(c:/texlive/2020/texmf-dist/tex/generic/pgf/systemlayer/pgfsys-pdftex.def
File: pgfsys-pdftex.def 2020/12/27 v3.1.8b (3.1.8b)

(c:/texlive/2020/texmf-dist/tex/generic/pgf/systemlayer/pgfsys-common-pdf.def
File: pgfsys-common-pdf.def 2020/12/27 v3.1.8b (3.1.8b)
)))
(c:/texlive/2020/texmf-dist/tex/generic/pgf/systemlayer/pgfsyssoftpath.code.tex
File: pgfsyssoftpath.code.tex 2020/12/27 v3.1.8b (3.1.8b)
\pgfsyssoftpath@smallbuffer@items=\count276
\pgfsyssoftpath@bigbuffer@items=\count277
)
(c:/texlive/2020/texmf-dist/tex/generic/pgf/systemlayer/pgfsysprotocol.code.tex
File: pgfsysprotocol.code.tex 2020/12/27 v3.1.8b (3.1.8b)
)) (c:/texlive/2020/texmf-dist/tex/latex/xcolor/xcolor.sty
Package: xcolor 2016/05/11 v2.12 LaTeX color extensions (UK)

(c:/texlive/2020/texmf-dist/tex/latex/graphics-cfg/color.cfg
File: color.cfg 2016/01/02 v1.6 sample color configuration
)
Package xcolor Info: Driver file: pdftex.def on input line 225.
Package xcolor Info: Model `cmy' substituted by `cmy0' on input line 1348.
Package xcolor Info: Model `hsb' substituted by `rgb' on input line 1352.
Package xcolor Info: Model `RGB' extended on input line 1364.
Package xcolor Info: Model `HTML' substituted by `rgb' on input line 1366.
Package xcolor Info: Model `Hsb' substituted by `hsb' on input line 1367.
Package xcolor Info: Model `tHsb' substituted by `hsb' on input line 1368.
Package xcolor Info: Model `HSB' substituted by `hsb' on input line 1369.
Package xcolor Info: Model `Gray' substituted by `gray' on input line 1370.
Package xcolor Info: Model `wave' substituted by `hsb' on input line 1371.
)
(c:/texlive/2020/texmf-dist/tex/generic/pgf/basiclayer/pgfcore.code.tex
Package: pgfcore 2020/12/27 v3.1.8b (3.1.8b)

(c:/texlive/2020/texmf-dist/tex/generic/pgf/math/pgfmath.code.tex
(c:/texlive/2020/texmf-dist/tex/generic/pgf/math/pgfmathcalc.code.tex
(c:/texlive/2020/texmf-dist/tex/generic/pgf/math/pgfmathutil.code.tex)
(c:/texlive/2020/texmf-dist/tex/generic/pgf/math/pgfmathparser.code.tex
\pgfmath@dimen=\dimen176
\pgfmath@count=\count278
\pgfmath@box=\box57
\pgfmath@toks=\toks24
\pgfmath@stack@operand=\toks25
\pgfmath@stack@operation=\toks26
)
(c:/texlive/2020/texmf-dist/tex/generic/pgf/math/pgfmathfunctions.code.tex
(c:/texlive/2020/texmf-dist/tex/generic/pgf/math/pgfmathfunctions.basic.code.te
x)
(c:/texlive/2020/texmf-dist/tex/generic/pgf/math/pgfmathfunctions.trigonometric
.code.tex)
(c:/texlive/2020/texmf-dist/tex/generic/pgf/math/pgfmathfunctions.random.code.t
ex)
(c:/texlive/2020/texmf-dist/tex/generic/pgf/math/pgfmathfunctions.comparison.co
de.tex)
(c:/texlive/2020/texmf-dist/tex/generic/pgf/math/pgfmathfunctions.base.code.tex
)
(c:/texlive/2020/texmf-dist/tex/generic/pgf/math/pgfmathfunctions.round.code.te
x)
(c:/texlive/2020/texmf-dist/tex/generic/pgf/math/pgfmathfunctions.misc.code.tex
)
(c:/texlive/2020/texmf-dist/tex/generic/pgf/math/pgfmathfunctions.integerarithm
etics.code.tex)))
(c:/texlive/2020/texmf-dist/tex/generic/pgf/math/pgfmathfloat.code.tex
\c@pgfmathroundto@lastzeros=\count279
))
(c:/texlive/2020/texmf-dist/tex/generic/pgf/math/pgfint.code.tex)
(c:/texlive/2020/texmf-dist/tex/generic/pgf/basiclayer/pgfcorepoints.code.tex
File: pgfcorepoints.code.tex 2020/12/27 v3.1.8b (3.1.8b)
\pgf@picminx=\dimen177
\pgf@picmaxx=\dimen178
\pgf@picminy=\dimen179
\pgf@picmaxy=\dimen180
\pgf@pathminx=\dimen181
\pgf@pathmaxx=\dimen182
\pgf@pathminy=\dimen183
\pgf@pathmaxy=\dimen184
\pgf@xx=\dimen185
\pgf@xy=\dimen186
\pgf@yx=\dimen187
\pgf@yy=\dimen188
\pgf@zx=\dimen189
\pgf@zy=\dimen190
)
(c:/texlive/2020/texmf-dist/tex/generic/pgf/basiclayer/pgfcorepathconstruct.cod
e.tex
File: pgfcorepathconstruct.code.tex 2020/12/27 v3.1.8b (3.1.8b)
\pgf@path@lastx=\dimen191
\pgf@path@lasty=\dimen192
)
(c:/texlive/2020/texmf-dist/tex/generic/pgf/basiclayer/pgfcorepathusage.code.te
x
File: pgfcorepathusage.code.tex 2020/12/27 v3.1.8b (3.1.8b)
\pgf@shorten@end@additional=\dimen193
\pgf@shorten@start@additional=\dimen194
)
(c:/texlive/2020/texmf-dist/tex/generic/pgf/basiclayer/pgfcorescopes.code.tex
File: pgfcorescopes.code.tex 2020/12/27 v3.1.8b (3.1.8b)
\pgfpic=\box58
\pgf@hbox=\box59
\pgf@layerbox@main=\box60
\pgf@picture@serial@count=\count280
)
(c:/texlive/2020/texmf-dist/tex/generic/pgf/basiclayer/pgfcoregraphicstate.code
.tex
File: pgfcoregraphicstate.code.tex 2020/12/27 v3.1.8b (3.1.8b)
\pgflinewidth=\dimen195
)
(c:/texlive/2020/texmf-dist/tex/generic/pgf/basiclayer/pgfcoretransformations.c
ode.tex
File: pgfcoretransformations.code.tex 2020/12/27 v3.1.8b (3.1.8b)
\pgf@pt@x=\dimen196
\pgf@pt@y=\dimen197
\pgf@pt@temp=\dimen198
)
(c:/texlive/2020/texmf-dist/tex/generic/pgf/basiclayer/pgfcorequick.code.tex
File: pgfcorequick.code.tex 2020/12/27 v3.1.8b (3.1.8b)
)
(c:/texlive/2020/texmf-dist/tex/generic/pgf/basiclayer/pgfcoreobjects.code.tex
File: pgfcoreobjects.code.tex 2020/12/27 v3.1.8b (3.1.8b)
)
(c:/texlive/2020/texmf-dist/tex/generic/pgf/basiclayer/pgfcorepathprocessing.co
de.tex
File: pgfcorepathprocessing.code.tex 2020/12/27 v3.1.8b (3.1.8b)
)
(c:/texlive/2020/texmf-dist/tex/generic/pgf/basiclayer/pgfcorearrows.code.tex
File: pgfcorearrows.code.tex 2020/12/27 v3.1.8b (3.1.8b)
\pgfarrowsep=\dimen199
)
(c:/texlive/2020/texmf-dist/tex/generic/pgf/basiclayer/pgfcoreshade.code.tex
File: pgfcoreshade.code.tex 2020/12/27 v3.1.8b (3.1.8b)
\pgf@max=\dimen256
\pgf@sys@shading@range@num=\count281
\pgf@shadingcount=\count282
)
(c:/texlive/2020/texmf-dist/tex/generic/pgf/basiclayer/pgfcoreimage.code.tex
File: pgfcoreimage.code.tex 2020/12/27 v3.1.8b (3.1.8b)

(c:/texlive/2020/texmf-dist/tex/generic/pgf/basiclayer/pgfcoreexternal.code.tex
File: pgfcoreexternal.code.tex 2020/12/27 v3.1.8b (3.1.8b)
\pgfexternal@startupbox=\box61
))
(c:/texlive/2020/texmf-dist/tex/generic/pgf/basiclayer/pgfcorelayers.code.tex
File: pgfcorelayers.code.tex 2020/12/27 v3.1.8b (3.1.8b)
)
(c:/texlive/2020/texmf-dist/tex/generic/pgf/basiclayer/pgfcoretransparency.code
.tex
File: pgfcoretransparency.code.tex 2020/12/27 v3.1.8b (3.1.8b)
)
(c:/texlive/2020/texmf-dist/tex/generic/pgf/basiclayer/pgfcorepatterns.code.tex
File: pgfcorepatterns.code.tex 2020/12/27 v3.1.8b (3.1.8b)
) (c:/texlive/2020/texmf-dist/tex/generic/pgf/basiclayer/pgfcorerdf.code.tex
File: pgfcorerdf.code.tex 2020/12/27 v3.1.8b (3.1.8b)
))) (c:/texlive/2020/texmf-dist/tex/latex/pgf/utilities/xxcolor.sty
Package: xxcolor 2003/10/24 ver 0.1
\XC@nummixins=\count283
\XC@countmixins=\count284
)
(c:/texlive/2020/texmf-dist/tex/latex/base/atbegshi-ltx.sty
Package: atbegshi-ltx 2020/08/17 v1.0a Emulation of the original atbegshi packa
ge
with kernel methods
)
(c:/texlive/2020/texmf-dist/tex/latex/hyperref/hyperref.sty
Package: hyperref 2021-02-08 v7.00i Hypertext links for LaTeX

(c:/texlive/2020/texmf-dist/tex/generic/ltxcmds/ltxcmds.sty
Package: ltxcmds 2020-05-10 v1.25 LaTeX kernel commands for general use (HO)
)
(c:/texlive/2020/texmf-dist/tex/generic/pdftexcmds/pdftexcmds.sty
Package: pdftexcmds 2020-06-27 v0.33 Utility functions of pdfTeX for LuaTeX (HO
)

(c:/texlive/2020/texmf-dist/tex/generic/infwarerr/infwarerr.sty
Package: infwarerr 2019/12/03 v1.5 Providing info/warning/error messages (HO)
)
Package pdftexcmds Info: \pdf@primitive is available.
Package pdftexcmds Info: \pdf@ifprimitive is available.
Package pdftexcmds Info: \pdfdraftmode found.
)
(c:/texlive/2020/texmf-dist/tex/generic/kvsetkeys/kvsetkeys.sty
Package: kvsetkeys 2019/12/15 v1.18 Key value parser (HO)
)
(c:/texlive/2020/texmf-dist/tex/generic/kvdefinekeys/kvdefinekeys.sty
Package: kvdefinekeys 2019-12-19 v1.6 Define keys (HO)
)
(c:/texlive/2020/texmf-dist/tex/generic/pdfescape/pdfescape.sty
Package: pdfescape 2019/12/09 v1.15 Implements pdfTeX's escape features (HO)
)
(c:/texlive/2020/texmf-dist/tex/latex/hycolor/hycolor.sty
Package: hycolor 2020-01-27 v1.10 Color options for hyperref/bookmark (HO)
)
(c:/texlive/2020/texmf-dist/tex/latex/letltxmacro/letltxmacro.sty
Package: letltxmacro 2019/12/03 v1.6 Let assignment for LaTeX macros (HO)
)
(c:/texlive/2020/texmf-dist/tex/latex/auxhook/auxhook.sty
Package: auxhook 2019-12-17 v1.6 Hooks for auxiliary files (HO)
)
(c:/texlive/2020/texmf-dist/tex/latex/kvoptions/kvoptions.sty
Package: kvoptions 2020-10-07 v3.14 Key value format for package options (HO)
)
\@linkdim=\dimen257
\Hy@linkcounter=\count285
\Hy@pagecounter=\count286

(c:/texlive/2020/texmf-dist/tex/latex/hyperref/pd1enc.def
File: pd1enc.def 2021-02-08 v7.00i Hyperref: PDFDocEncoding definition (HO)
Now handling font encoding PD1 ...
... no UTF-8 mapping file for font encoding PD1
)
(c:/texlive/2020/texmf-dist/tex/latex/hyperref/hyperref-langpatches.def
File: hyperref-langpatches.def 2021-02-08 v7.00i Hyperref: patches for babel la
nguages
)
(c:/texlive/2020/texmf-dist/tex/generic/intcalc/intcalc.sty
Package: intcalc 2019/12/15 v1.3 Expandable calculations with integers (HO)
)
(c:/texlive/2020/texmf-dist/tex/generic/etexcmds/etexcmds.sty
Package: etexcmds 2019/12/15 v1.7 Avoid name clashes with e-TeX commands (HO)
)
\Hy@SavedSpaceFactor=\count287
Package hyperref Info: Option `bookmarks' set `true' on input line 4058.
Package hyperref Info: Option `bookmarksopen' set `true' on input line 4058.
Package hyperref Info: Option `implicit' set `false' on input line 4058.

(c:/texlive/2020/texmf-dist/tex/latex/hyperref/puenc.def
File: puenc.def 2021-02-08 v7.00i Hyperref: PDF Unicode definition (HO)
Now handling font encoding PU ...
... no UTF-8 mapping file for font encoding PU
)
Package hyperref Info: Hyper figures OFF on input line 4180.
Package hyperref Info: Link nesting OFF on input line 4185.
Package hyperref Info: Hyper index ON on input line 4188.
Package hyperref Info: Plain pages OFF on input line 4195.
Package hyperref Info: Backreferencing OFF on input line 4200.
Package hyperref Info: Implicit mode OFF; no redefinition of LaTeX internals.
Package hyperref Info: Bookmarks ON on input line 4433.
\c@Hy@tempcnt=\count288

(c:/texlive/2020/texmf-dist/tex/latex/url/url.sty
\Urlmuskip=\muskip16
Package: url 2013/09/16  ver 3.4  Verb mode for urls, etc.
)
LaTeX Info: Redefining \url on input line 4792.
\XeTeXLinkMargin=\dimen258

(c:/texlive/2020/texmf-dist/tex/generic/bitset/bitset.sty
Package: bitset 2019/12/09 v1.3 Handle bit-vector datatype (HO)

(c:/texlive/2020/texmf-dist/tex/generic/bigintcalc/bigintcalc.sty
Package: bigintcalc 2019/12/15 v1.5 Expandable calculations on big integers (HO
)
))
\Fld@menulength=\count289
\Field@Width=\dimen259
\Fld@charsize=\dimen260
Package hyperref Info: Hyper figures OFF on input line 6063.
Package hyperref Info: Link nesting OFF on input line 6068.
Package hyperref Info: Hyper index ON on input line 6071.
Package hyperref Info: backreferencing OFF on input line 6078.
Package hyperref Info: Link coloring OFF on input line 6083.
Package hyperref Info: Link coloring with OCG OFF on input line 6088.
Package hyperref Info: PDF/A mode OFF on input line 6093.
LaTeX Info: Redefining \ref on input line 6133.
LaTeX Info: Redefining \pageref on input line 6137.
\Hy@abspage=\count290


Package hyperref Message: Stopped early.

)
Package hyperref Info: Driver (autodetected): hpdftex.
 (c:/texlive/2020/texmf-dist/tex/latex/hyperref/hpdftex.def
File: hpdftex.def 2021-02-08 v7.00i Hyperref driver for pdfTeX

(c:/texlive/2020/texmf-dist/tex/latex/base/atveryend-ltx.sty
Package: atveryend-ltx 2020/08/19 v1.0a Emulation of the original atvery packag
e
with kernel methods
)
\Fld@listcount=\count291
\c@bookmark@seq@number=\count292

(c:/texlive/2020/texmf-dist/tex/latex/rerunfilecheck/rerunfilecheck.sty
Package: rerunfilecheck 2019/12/05 v1.9 Rerun checks for auxiliary files (HO)

(c:/texlive/2020/texmf-dist/tex/generic/uniquecounter/uniquecounter.sty
Package: uniquecounter 2019/12/15 v1.4 Provide unlimited unique counter (HO)
)
Package uniquecounter Info: New unique counter `rerunfilecheck' on input line 2
86.
))
(c:/texlive/2020/texmf-dist/tex/latex/beamer/beamerbaserequires.sty
(c:/texlive/2020/texmf-dist/tex/latex/beamer/beamerbasecompatibility.sty)
(c:/texlive/2020/texmf-dist/tex/latex/beamer/beamerbasefont.sty
(c:/texlive/2020/texmf-dist/tex/latex/amsfonts/amssymb.sty
Package: amssymb 2013/01/14 v3.01 AMS font symbols

(c:/texlive/2020/texmf-dist/tex/latex/amsfonts/amsfonts.sty
Package: amsfonts 2013/01/14 v3.01 Basic AMSFonts support
\@emptytoks=\toks27
\symAMSa=\mathgroup4
\symAMSb=\mathgroup5
LaTeX Font Info:    Redeclaring math symbol \hbar on input line 98.
LaTeX Font Info:    Overwriting math alphabet `\mathfrak' in version `bold'
(Font)                  U/euf/m/n --> U/euf/b/n on input line 106.
)))
(c:/texlive/2020/texmf-dist/tex/latex/beamer/beamerbasetranslator.sty
(c:/texlive/2020/texmf-dist/tex/latex/translator/translator.sty
Package: translator 2020-08-03 v1.12c Easy translation of strings in LaTeX
))
(c:/texlive/2020/texmf-dist/tex/latex/beamer/beamerbasemisc.sty)
(c:/texlive/2020/texmf-dist/tex/latex/beamer/beamerbasetwoscreens.sty)
(c:/texlive/2020/texmf-dist/tex/latex/beamer/beamerbaseoverlay.sty
\beamer@argscount=\count293
\beamer@lastskipcover=\skip50
\beamer@trivlistdepth=\count294
)
(c:/texlive/2020/texmf-dist/tex/latex/beamer/beamerbasetitle.sty)
(c:/texlive/2020/texmf-dist/tex/latex/beamer/beamerbasesection.sty
\c@lecture=\count295
\c@part=\count296
\c@section=\count297
\c@subsection=\count298
\c@subsubsection=\count299
)
(c:/texlive/2020/texmf-dist/tex/latex/beamer/beamerbaseframe.sty
\beamer@framebox=\box62
\beamer@frametitlebox=\box63
\beamer@zoombox=\box64
\beamer@zoomcount=\count300
\beamer@zoomframecount=\count301
\beamer@frametextheight=\dimen261
\c@subsectionslide=\count302
\beamer@frametopskip=\skip51
\beamer@framebottomskip=\skip52
\beamer@frametopskipautobreak=\skip53
\beamer@framebottomskipautobreak=\skip54
\beamer@envbody=\toks28
\framewidth=\dimen262
\c@framenumber=\count303
)
(c:/texlive/2020/texmf-dist/tex/latex/beamer/beamerbaseverbatim.sty
\beamer@verbatimfileout=\write4
)
(c:/texlive/2020/texmf-dist/tex/latex/beamer/beamerbaseframesize.sty
\beamer@splitbox=\box65
\beamer@autobreakcount=\count304
\beamer@autobreaklastheight=\dimen263
\beamer@frametitletoks=\toks29
\beamer@framesubtitletoks=\toks30
)
(c:/texlive/2020/texmf-dist/tex/latex/beamer/beamerbaseframecomponents.sty
\beamer@footins=\box66
)
(c:/texlive/2020/texmf-dist/tex/latex/beamer/beamerbasecolor.sty)
(c:/texlive/2020/texmf-dist/tex/latex/beamer/beamerbasenotes.sty
\beamer@frameboxcopy=\box67
)
(c:/texlive/2020/texmf-dist/tex/latex/beamer/beamerbasetoc.sty)
(c:/texlive/2020/texmf-dist/tex/latex/beamer/beamerbasetemplates.sty
\beamer@sbttoks=\toks31

(c:/texlive/2020/texmf-dist/tex/latex/beamer/beamerbaseauxtemplates.sty
(c:/texlive/2020/texmf-dist/tex/latex/beamer/beamerbaseboxes.sty
\bmb@box=\box68
\bmb@colorbox=\box69
\bmb@boxwidth=\dimen264
\bmb@boxheight=\dimen265
\bmb@prevheight=\dimen266
\bmb@temp=\dimen267
\bmb@dima=\dimen268
\bmb@dimb=\dimen269
\bmb@prevheight=\dimen270
)
\beamer@blockheadheight=\dimen271
))
(c:/texlive/2020/texmf-dist/tex/latex/beamer/beamerbaselocalstructure.sty
(c:/texlive/2020/texmf-dist/tex/latex/tools/enumerate.sty
Package: enumerate 2015/07/23 v3.00 enumerate extensions (DPC)
\@enLab=\toks32
)
\beamer@bibiconwidth=\skip55
\c@figure=\count305
\c@table=\count306
\abovecaptionskip=\skip56
\belowcaptionskip=\skip57
)
(c:/texlive/2020/texmf-dist/tex/latex/beamer/beamerbasenavigation.sty
\beamer@section@min@dim=\dimen272
)
(c:/texlive/2020/texmf-dist/tex/latex/beamer/beamerbasetheorems.sty
(c:/texlive/2020/texmf-dist/tex/latex/amsmath/amsmath.sty
Package: amsmath 2020/09/23 v2.17i AMS math features
\@mathmargin=\skip58

For additional information on amsmath, use the `?' option.
(c:/texlive/2020/texmf-dist/tex/latex/amsmath/amstext.sty
Package: amstext 2000/06/29 v2.01 AMS text

(c:/texlive/2020/texmf-dist/tex/latex/amsmath/amsgen.sty
File: amsgen.sty 1999/11/30 v2.0 generic functions
\@emptytoks=\toks33
\ex@=\dimen273
))
(c:/texlive/2020/texmf-dist/tex/latex/amsmath/amsbsy.sty
Package: amsbsy 1999/11/29 v1.2d Bold Symbols
\pmbraise@=\dimen274
)
(c:/texlive/2020/texmf-dist/tex/latex/amsmath/amsopn.sty
Package: amsopn 2016/03/08 v2.02 operator names
)
\inf@bad=\count307
LaTeX Info: Redefining \frac on input line 234.
\uproot@=\count308
\leftroot@=\count309
LaTeX Info: Redefining \overline on input line 399.
\classnum@=\count310
\DOTSCASE@=\count311
LaTeX Info: Redefining \ldots on input line 496.
LaTeX Info: Redefining \dots on input line 499.
LaTeX Info: Redefining \cdots on input line 620.
\Mathstrutbox@=\box70
\strutbox@=\box71
\big@size=\dimen275
LaTeX Font Info:    Redeclaring font encoding OML on input line 743.
LaTeX Font Info:    Redeclaring font encoding OMS on input line 744.
\macc@depth=\count312
\c@MaxMatrixCols=\count313
\dotsspace@=\muskip17
\c@parentequation=\count314
\dspbrk@lvl=\count315
\tag@help=\toks34
\row@=\count316
\column@=\count317
\maxfields@=\count318
\andhelp@=\toks35
\eqnshift@=\dimen276
\alignsep@=\dimen277
\tagshift@=\dimen278
\tagwidth@=\dimen279
\totwidth@=\dimen280
\lineht@=\dimen281
\@envbody=\toks36
\multlinegap=\skip59
\multlinetaggap=\skip60
\mathdisplay@stack=\toks37
LaTeX Info: Redefining \[ on input line 2923.
LaTeX Info: Redefining \] on input line 2924.
)
(c:/texlive/2020/texmf-dist/tex/latex/amscls/amsthm.sty
Package: amsthm 2020/05/29 v2.20.6
\thm@style=\toks38
\thm@bodyfont=\toks39
\thm@headfont=\toks40
\thm@notefont=\toks41
\thm@headpunct=\toks42
\thm@preskip=\skip61
\thm@postskip=\skip62
\thm@headsep=\skip63
\dth@everypar=\toks43
)
\c@theorem=\count319
)
(c:/texlive/2020/texmf-dist/tex/latex/beamer/beamerbasethemes.sty))
(c:/texlive/2020/texmf-dist/tex/latex/beamer/beamerthemedefault.sty
(c:/texlive/2020/texmf-dist/tex/latex/beamer/beamerfontthemedefault.sty)
(c:/texlive/2020/texmf-dist/tex/latex/beamer/beamercolorthemedefault.sty)
(c:/texlive/2020/texmf-dist/tex/latex/beamer/beamerinnerthemedefault.sty
\beamer@dima=\dimen282
\beamer@dimb=\dimen283
)
(c:/texlive/2020/texmf-dist/tex/latex/beamer/beamerouterthemedefault.sty)))
(c:/texlive/2020/texmf-dist/tex/latex/beamer/beamerthemeAnnArbor.sty
(c:/texlive/2020/texmf-dist/tex/latex/beamer/beamerinnerthemerounded.sty)
(c:/texlive/2020/texmf-dist/tex/latex/beamer/beamerouterthemeinfolines.sty)
(c:/texlive/2020/texmf-dist/tex/latex/beamer/beamercolorthemewolverine.sty))
(c:/texlive/2020/texmf-dist/tex/latex/beamer/beamerthemesplit.sty
(c:/texlive/2020/texmf-dist/tex/latex/beamer/beamercolorthemewhale.sty)
(c:/texlive/2020/texmf-dist/tex/latex/beamer/beamerouterthemesplit.sty)
(c:/texlive/2020/texmf-dist/tex/latex/beamer/beamerfontthemestructurebold.sty))
(c:/texlive/2020/texmf-dist/tex/latex/setspace/setspace.sty
Package: setspace 2011/12/19 v6.7a set line spacing
)
(c:/texlive/2020/texmf-dist/tex/latex/comment/comment.sty
\CommentStream=\write5

Excluding comment 'comment')
(c:/texlive/2020/texmf-dist/tex/latex/endnotes/endnotes.sty
Package: endnotes 2020-01-02 endnotes package
\c@endnote=\count320
\endnotesep=\dimen284
\@enotes=\write6
)
(c:/texlive/2020/texmf-dist/tex/latex/psnfss/mathptmx.sty
Package: mathptmx 2020/03/25 PSNFSS-v9.3 Times w/ Math, improved (SPQR, WaS) 
LaTeX Font Info:    Redeclaring symbol font `operators' on input line 28.
LaTeX Font Info:    Overwriting symbol font `operators' in version `normal'
(Font)                  OT1/cmr/m/n --> OT1/ztmcm/m/n on input line 28.
LaTeX Font Info:    Overwriting symbol font `operators' in version `bold'
(Font)                  OT1/cmr/bx/n --> OT1/ztmcm/m/n on input line 28.
LaTeX Font Info:    Redeclaring symbol font `letters' on input line 29.
LaTeX Font Info:    Overwriting symbol font `letters' in version `normal'
(Font)                  OML/cmm/m/it --> OML/ztmcm/m/it on input line 29.
LaTeX Font Info:    Overwriting symbol font `letters' in version `bold'
(Font)                  OML/cmm/b/it --> OML/ztmcm/m/it on input line 29.
LaTeX Font Info:    Redeclaring symbol font `symbols' on input line 30.
LaTeX Font Info:    Overwriting symbol font `symbols' in version `normal'
(Font)                  OMS/cmsy/m/n --> OMS/ztmcm/m/n on input line 30.
LaTeX Font Info:    Overwriting symbol font `symbols' in version `bold'
(Font)                  OMS/cmsy/b/n --> OMS/ztmcm/m/n on input line 30.
LaTeX Font Info:    Redeclaring symbol font `largesymbols' on input line 31.
LaTeX Font Info:    Overwriting symbol font `largesymbols' in version `normal'
(Font)                  OMX/cmex/m/n --> OMX/ztmcm/m/n on input line 31.
LaTeX Font Info:    Overwriting symbol font `largesymbols' in version `bold'
(Font)                  OMX/cmex/m/n --> OMX/ztmcm/m/n on input line 31.
\symbold=\mathgroup6
\symitalic=\mathgroup7
LaTeX Font Info:    Redeclaring math alphabet \mathbf on input line 34.
LaTeX Font Info:    Overwriting math alphabet `\mathbf' in version `normal'
(Font)                  OT1/cmr/bx/n --> OT1/ptm/bx/n on input line 34.
LaTeX Font Info:    Overwriting math alphabet `\mathbf' in version `bold'
(Font)                  OT1/cmr/bx/n --> OT1/ptm/bx/n on input line 34.
LaTeX Font Info:    Redeclaring math alphabet \mathit on input line 35.
LaTeX Font Info:    Overwriting math alphabet `\mathit' in version `normal'
(Font)                  OT1/cmr/m/it --> OT1/ptm/m/it on input line 35.
LaTeX Font Info:    Overwriting math alphabet `\mathit' in version `bold'
(Font)                  OT1/cmr/bx/it --> OT1/ptm/m/it on input line 35.
LaTeX Info: Redefining \hbar on input line 50.
)
(c:/texlive/2020/texmf-dist/tex/latex/tools/bm.sty
Package: bm 2019/07/24 v1.2d Bold Symbol Support (DPC/FMi)
LaTeX Info: Redefining \bm on input line 209.
)
(c:/texlive/2020/texmf-dist/tex/latex/beamerposter/beamerposter.sty
Package: beamerposter 2018/04/23 v.1.13 latex-beamer poster extension

(c:/texlive/2020/texmf-dist/tex/latex/xkeyval/xkeyval.sty
Package: xkeyval 2020/11/20 v2.8 package option processing (HA)

(c:/texlive/2020/texmf-dist/tex/generic/xkeyval/xkeyval.tex
(c:/texlive/2020/texmf-dist/tex/generic/xkeyval/xkvutils.tex
\XKV@toks=\toks44
\XKV@tempa@toks=\toks45
)
\XKV@depth=\count321
File: xkeyval.tex 2014/12/03 v2.7a key=value parser (HA)
))
(c:/texlive/2020/texmf-dist/tex/latex/type1cm/type1cm.sty
Package: type1cm 2002/09/05 v0.04 BlueSky/Y&Y Type1 CM font definitions (DPC, p
atched RF)
)
(c:/texlive/2020/texmf-dist/tex/latex/fp/fp.sty
Package: fp 1995/04/02

`Fixed Point Package', Version 0.8, April 2, 1995 (C) Michael Mehlich
(c:/texlive/2020/texmf-dist/tex/latex/fp/defpattern.sty
Package: defpattern 1994/10/12
\actioncount=\count322
)
(c:/texlive/2020/texmf-dist/tex/latex/fp/fp-basic.sty
Package: fp-basic 1996/05/13
\FP@xs=\count323
\FP@xia=\count324
\FP@xib=\count325
\FP@xfa=\count326
\FP@xfb=\count327
\FP@rega=\count328
\FP@regb=\count329
\FP@regs=\count330
\FP@times=\count331
)
(c:/texlive/2020/texmf-dist/tex/latex/fp/fp-addons.sty
Package: fp-addons 1995/03/15
)
(c:/texlive/2020/texmf-dist/tex/latex/fp/fp-snap.sty
Package: fp-snap 1995/04/05
)
(c:/texlive/2020/texmf-dist/tex/latex/fp/fp-exp.sty
Package: fp-exp 1995/04/03
)
(c:/texlive/2020/texmf-dist/tex/latex/fp/fp-trigo.sty
Package: fp-trigo 1995/04/14
)
(c:/texlive/2020/texmf-dist/tex/latex/fp/fp-pas.sty
Package: fp-pas 1994/08/29
)
(c:/texlive/2020/texmf-dist/tex/latex/fp/fp-random.sty
Package: fp-random 1995/02/23
\FPseed=\count332
)
(c:/texlive/2020/texmf-dist/tex/latex/fp/fp-eqn.sty
Package: fp-eqn 1995/04/03
)
(c:/texlive/2020/texmf-dist/tex/latex/fp/fp-upn.sty
Package: fp-upn 1996/10/21
)
(c:/texlive/2020/texmf-dist/tex/latex/fp/fp-eval.sty
Package: fp-eval 1995/04/03
))
Package beamerposter Info: checking size input, please wait. on input line 129.

Package beamerposter Info: the input a0\ 1\ was correct, we proceed. on input l
ine 129.
Package beamerposter Info: finished size input check. on input line 129.
Package beamerposter Info: myfontscale=1.0 on input line 129.
Package beamerposter Info: checking orientation input, please wait. on input li
ne 130.
Package beamerposter Info: the input landscape\ 1\ was correct, we proceed. on 
input line 130.
Package beamerposter Info: finished orientation check. on input line 130.
Package beamerposter Info: checking size input, please wait. on input line 130.

Package beamerposter Info: the input custom\ 6\ was correct, we proceed. on inp
ut line 130.
Package beamerposter Info: finished size input check. on input line 130.
Package beamerposter Info: custom poster width=16 on input line 130.
Package beamerposter Info: custom poster height=9.75 on input line 130.
Package beamerposter Info: myfontscale=0.5 on input line 130.
Package beamerposter Info: enabled debug mode on input line 130.
 ( FP-UPN
FP debug: upn: +++ computing upn-expression "myfontscale fontscale * 2 round"
FP debug: upn: calculating "myfontscale"
FP debug: upn: result      "0.5"
FP debug: upn: calculating "fontscale"
FP debug: upn: result      "1.0"
FP debug: upn: calculating "1.0 mul 0.5"
( FP-MUL )
FP debug: upn: result      "0.500000000000000000"
FP debug: upn: calculating "2"
FP debug: upn: result      "2"
FP debug: upn: calculating "round(0.500000000000000000:2)"
( FP-ROUND )
FP debug: upn: result      "0.50"
FP debug: upn: +++ result of upn-expression is "(0.50)"
) ( FP-UPN
FP debug: upn: +++ computing upn-expression "1 customwidth -"
FP debug: upn: calculating "1"
FP debug: upn: result      "1"
FP debug: upn: calculating "customwidth"
FP debug: upn: result      "16"
FP debug: upn: calculating "16 sub 1"
( FP-SUB )
FP debug: upn: result      "15.000000000000000000"
FP debug: upn: +++ result of upn-expression is "(15.000000000000000000)"
) ( FP-UPN
FP debug: upn: +++ computing upn-expression "1 customheight -"
FP debug: upn: calculating "1"
FP debug: upn: result      "1"
FP debug: upn: calculating "customheight"
FP debug: upn: result      "9.75"
FP debug: upn: calculating "9.75 sub 1"
( FP-SUB )
FP debug: upn: result      "8.750000000000000000"
FP debug: upn: +++ result of upn-expression is "(8.750000000000000000)"
)
Package beamerposter Info: paperwidth=455.24408pt, paperheight=277.41437pt on i
nput line 173.
Package beamerposter Info: textwidth=426.79134pt, textheight=248.96161pt on inp
ut line 174.
Package beamerposter Info: fontscale=1.0, myfontscale=0.50 on input line 175.
 ( FP-UPN
FP debug: upn: +++ computing upn-expression "myfontscale fontSizeX * 2 round"
FP debug: upn: calculating "myfontscale"
FP debug: upn: result      "0.50"
FP debug: upn: calculating "fontSizeX"
FP debug: upn: result      "12"
FP debug: upn: calculating "12 mul 0.50"
( FP-MUL )
FP debug: upn: result      "6.000000000000000000"
FP debug: upn: calculating "2"
FP debug: upn: result      "2"
FP debug: upn: calculating "round(6.000000000000000000:2)"
( FP-ROUND )
FP debug: upn: result      "6.00"
FP debug: upn: +++ result of upn-expression is "(6.00)"
) ( FP-UPN
FP debug: upn: +++ computing upn-expression "myfontscale fontSizeY * 2 round"
FP debug: upn: calculating "myfontscale"
FP debug: upn: result      "0.50"
FP debug: upn: calculating "fontSizeY"
FP debug: upn: result      "14"
FP debug: upn: calculating "14 mul 0.50"
( FP-MUL )
FP debug: upn: result      "7.000000000000000000"
FP debug: upn: calculating "2"
FP debug: upn: result      "2"
FP debug: upn: calculating "round(7.000000000000000000:2)"
( FP-ROUND )
FP debug: upn: result      "7.00"
FP debug: upn: +++ result of upn-expression is "(7.00)"
) ( FP-UPN
FP debug: upn: +++ computing upn-expression "myfontscale fontSizeX * 2 round"
FP debug: upn: calculating "myfontscale"
FP debug: upn: result      "0.50"
FP debug: upn: calculating "fontSizeX"
FP debug: upn: result      "14.4"
FP debug: upn: calculating "14.4 mul 0.50"
( FP-MUL )
FP debug: upn: result      "7.200000000000000000"
FP debug: upn: calculating "2"
FP debug: upn: result      "2"
FP debug: upn: calculating "round(7.200000000000000000:2)"
( FP-ROUND )
FP debug: upn: result      "7.20"
FP debug: upn: +++ result of upn-expression is "(7.20)"
) ( FP-UPN
FP debug: upn: +++ computing upn-expression "myfontscale fontSizeY * 2 round"
FP debug: upn: calculating "myfontscale"
FP debug: upn: result      "0.50"
FP debug: upn: calculating "fontSizeY"
FP debug: upn: result      "18"
FP debug: upn: calculating "18 mul 0.50"
( FP-MUL )
FP debug: upn: result      "9.000000000000000000"
FP debug: upn: calculating "2"
FP debug: upn: result      "2"
FP debug: upn: calculating "round(9.000000000000000000:2)"
( FP-ROUND )
FP debug: upn: result      "9.00"
FP debug: upn: +++ result of upn-expression is "(9.00)"
) ( FP-UPN
FP debug: upn: +++ computing upn-expression "myfontscale fontSizeX * 2 round"
FP debug: upn: calculating "myfontscale"
FP debug: upn: result      "0.50"
FP debug: upn: calculating "fontSizeX"
FP debug: upn: result      "17.28"
FP debug: upn: calculating "17.28 mul 0.50"
( FP-MUL )
FP debug: upn: result      "8.640000000000000000"
FP debug: upn: calculating "2"
FP debug: upn: result      "2"
FP debug: upn: calculating "round(8.640000000000000000:2)"
( FP-ROUND )
FP debug: upn: result      "8.64"
FP debug: upn: +++ result of upn-expression is "(8.64)"
) ( FP-UPN
FP debug: upn: +++ computing upn-expression "myfontscale fontSizeY * 2 round"
FP debug: upn: calculating "myfontscale"
FP debug: upn: result      "0.50"
FP debug: upn: calculating "fontSizeY"
FP debug: upn: result      "22"
FP debug: upn: calculating "22 mul 0.50"
( FP-MUL )
FP debug: upn: result      "11.000000000000000000"
FP debug: upn: calculating "2"
FP debug: upn: result      "2"
FP debug: upn: calculating "round(11.000000000000000000:2)"
( FP-ROUND )
FP debug: upn: result      "11.00"
FP debug: upn: +++ result of upn-expression is "(11.00)"
) ( FP-UPN
FP debug: upn: +++ computing upn-expression "myfontscale fontSizeX * 2 round"
FP debug: upn: calculating "myfontscale"
FP debug: upn: result      "0.50"
FP debug: upn: calculating "fontSizeX"
FP debug: upn: result      "20.74"
FP debug: upn: calculating "20.74 mul 0.50"
( FP-MUL )
FP debug: upn: result      "10.370000000000000000"
FP debug: upn: calculating "2"
FP debug: upn: result      "2"
FP debug: upn: calculating "round(10.370000000000000000:2)"
( FP-ROUND )
FP debug: upn: result      "10.37"
FP debug: upn: +++ result of upn-expression is "(10.37)"
) ( FP-UPN
FP debug: upn: +++ computing upn-expression "myfontscale fontSizeY * 2 round"
FP debug: upn: calculating "myfontscale"
FP debug: upn: result      "0.50"
FP debug: upn: calculating "fontSizeY"
FP debug: upn: result      "25"
FP debug: upn: calculating "25 mul 0.50"
( FP-MUL )
FP debug: upn: result      "12.500000000000000000"
FP debug: upn: calculating "2"
FP debug: upn: result      "2"
FP debug: upn: calculating "round(12.500000000000000000:2)"
( FP-ROUND )
FP debug: upn: result      "12.50"
FP debug: upn: +++ result of upn-expression is "(12.50)"
) ( FP-UPN
FP debug: upn: +++ computing upn-expression "myfontscale fontSizeX * 2 round"
FP debug: upn: calculating "myfontscale"
FP debug: upn: result      "0.50"
FP debug: upn: calculating "fontSizeX"
FP debug: upn: result      "24.88"
FP debug: upn: calculating "24.88 mul 0.50"
( FP-MUL )
FP debug: upn: result      "12.440000000000000000"
FP debug: upn: calculating "2"
FP debug: upn: result      "2"
FP debug: upn: calculating "round(12.440000000000000000:2)"
( FP-ROUND )
FP debug: upn: result      "12.44"
FP debug: upn: +++ result of upn-expression is "(12.44)"
) ( FP-UPN
FP debug: upn: +++ computing upn-expression "myfontscale fontSizeY * 2 round"
FP debug: upn: calculating "myfontscale"
FP debug: upn: result      "0.50"
FP debug: upn: calculating "fontSizeY"
FP debug: upn: result      "30"
FP debug: upn: calculating "30 mul 0.50"
( FP-MUL )
FP debug: upn: result      "15.000000000000000000"
FP debug: upn: calculating "2"
FP debug: upn: result      "2"
FP debug: upn: calculating "round(15.000000000000000000:2)"
( FP-ROUND )
FP debug: upn: result      "15.00"
FP debug: upn: +++ result of upn-expression is "(15.00)"
) ( FP-UPN
FP debug: upn: +++ computing upn-expression "myfontscale fontSizeX * 2 round"
FP debug: upn: calculating "myfontscale"
FP debug: upn: result      "0.50"
FP debug: upn: calculating "fontSizeX"
FP debug: upn: result      "29.86"
FP debug: upn: calculating "29.86 mul 0.50"
( FP-MUL )
FP debug: upn: result      "14.930000000000000000"
FP debug: upn: calculating "2"
FP debug: upn: result      "2"
FP debug: upn: calculating "round(14.930000000000000000:2)"
( FP-ROUND )
FP debug: upn: result      "14.93"
FP debug: upn: +++ result of upn-expression is "(14.93)"
) ( FP-UPN
FP debug: upn: +++ computing upn-expression "myfontscale fontSizeY * 2 round"
FP debug: upn: calculating "myfontscale"
FP debug: upn: result      "0.50"
FP debug: upn: calculating "fontSizeY"
FP debug: upn: result      "37"
FP debug: upn: calculating "37 mul 0.50"
( FP-MUL )
FP debug: upn: result      "18.500000000000000000"
FP debug: upn: calculating "2"
FP debug: upn: result      "2"
FP debug: upn: calculating "round(18.500000000000000000:2)"
( FP-ROUND )
FP debug: upn: result      "18.50"
FP debug: upn: +++ result of upn-expression is "(18.50)"
) ( FP-UPN
FP debug: upn: +++ computing upn-expression "myfontscale fontSizeX * 2 round"
FP debug: upn: calculating "myfontscale"
FP debug: upn: result      "0.50"
FP debug: upn: calculating "fontSizeX"
FP debug: upn: result      "35.83"
FP debug: upn: calculating "35.83 mul 0.50"
( FP-MUL )
FP debug: upn: result      "17.915000000000000000"
FP debug: upn: calculating "2"
FP debug: upn: result      "2"
FP debug: upn: calculating "round(17.915000000000000000:2)"
( FP-ROUND )
FP debug: upn: result      "17.92"
FP debug: upn: +++ result of upn-expression is "(17.92)"
) ( FP-UPN
FP debug: upn: +++ computing upn-expression "myfontscale fontSizeY * 2 round"
FP debug: upn: calculating "myfontscale"
FP debug: upn: result      "0.50"
FP debug: upn: calculating "fontSizeY"
FP debug: upn: result      "45"
FP debug: upn: calculating "45 mul 0.50"
( FP-MUL )
FP debug: upn: result      "22.500000000000000000"
FP debug: upn: calculating "2"
FP debug: upn: result      "2"
FP debug: upn: calculating "round(22.500000000000000000:2)"
( FP-ROUND )
FP debug: upn: result      "22.50"
FP debug: upn: +++ result of upn-expression is "(22.50)"
) ( FP-UPN
FP debug: upn: +++ computing upn-expression "myfontscale fontSizeX * 2 round"
FP debug: upn: calculating "myfontscale"
FP debug: upn: result      "0.50"
FP debug: upn: calculating "fontSizeX"
FP debug: upn: result      "43"
FP debug: upn: calculating "43 mul 0.50"
( FP-MUL )
FP debug: upn: result      "21.500000000000000000"
FP debug: upn: calculating "2"
FP debug: upn: result      "2"
FP debug: upn: calculating "round(21.500000000000000000:2)"
( FP-ROUND )
FP debug: upn: result      "21.50"
FP debug: upn: +++ result of upn-expression is "(21.50)"
) ( FP-UPN
FP debug: upn: +++ computing upn-expression "myfontscale fontSizeY * 2 round"
FP debug: upn: calculating "myfontscale"
FP debug: upn: result      "0.50"
FP debug: upn: calculating "fontSizeY"
FP debug: upn: result      "54"
FP debug: upn: calculating "54 mul 0.50"
( FP-MUL )
FP debug: upn: result      "27.000000000000000000"
FP debug: upn: calculating "2"
FP debug: upn: result      "2"
FP debug: upn: calculating "round(27.000000000000000000:2)"
( FP-ROUND )
FP debug: upn: result      "27.00"
FP debug: upn: +++ result of upn-expression is "(27.00)"
) ( FP-UPN
FP debug: upn: +++ computing upn-expression "myfontscale fontSizeX * 2 round"
FP debug: upn: calculating "myfontscale"
FP debug: upn: result      "0.50"
FP debug: upn: calculating "fontSizeX"
FP debug: upn: result      "51.6"
FP debug: upn: calculating "51.6 mul 0.50"
( FP-MUL )
FP debug: upn: result      "25.800000000000000000"
FP debug: upn: calculating "2"
FP debug: upn: result      "2"
FP debug: upn: calculating "round(25.800000000000000000:2)"
( FP-ROUND )
FP debug: upn: result      "25.80"
FP debug: upn: +++ result of upn-expression is "(25.80)"
) ( FP-UPN
FP debug: upn: +++ computing upn-expression "myfontscale fontSizeY * 2 round"
FP debug: upn: calculating "myfontscale"
FP debug: upn: result      "0.50"
FP debug: upn: calculating "fontSizeY"
FP debug: upn: result      "64"
FP debug: upn: calculating "64 mul 0.50"
( FP-MUL )
FP debug: upn: result      "32.000000000000000000"
FP debug: upn: calculating "2"
FP debug: upn: result      "2"
FP debug: upn: calculating "round(32.000000000000000000:2)"
( FP-ROUND )
FP debug: upn: result      "32.00"
FP debug: upn: +++ result of upn-expression is "(32.00)"
) ( FP-UPN
FP debug: upn: +++ computing upn-expression "myfontscale fontSizeX * 2 round"
FP debug: upn: calculating "myfontscale"
FP debug: upn: result      "0.50"
FP debug: upn: calculating "fontSizeX"
FP debug: upn: result      "61.92"
FP debug: upn: calculating "61.92 mul 0.50"
( FP-MUL )
FP debug: upn: result      "30.960000000000000000"
FP debug: upn: calculating "2"
FP debug: upn: result      "2"
FP debug: upn: calculating "round(30.960000000000000000:2)"
( FP-ROUND )
FP debug: upn: result      "30.96"
FP debug: upn: +++ result of upn-expression is "(30.96)"
) ( FP-UPN
FP debug: upn: +++ computing upn-expression "myfontscale fontSizeY * 2 round"
FP debug: upn: calculating "myfontscale"
FP debug: upn: result      "0.50"
FP debug: upn: calculating "fontSizeY"
FP debug: upn: result      "77"
FP debug: upn: calculating "77 mul 0.50"
( FP-MUL )
FP debug: upn: result      "38.500000000000000000"
FP debug: upn: calculating "2"
FP debug: upn: result      "2"
FP debug: upn: calculating "round(38.500000000000000000:2)"
( FP-ROUND )
FP debug: upn: result      "38.50"
FP debug: upn: +++ result of upn-expression is "(38.50)"
) ( FP-UPN
FP debug: upn: +++ computing upn-expression "myfontscale fontSizeX * 2 round"
FP debug: upn: calculating "myfontscale"
FP debug: upn: result      "0.50"
FP debug: upn: calculating "fontSizeX"
FP debug: upn: result      "74.3"
FP debug: upn: calculating "74.3 mul 0.50"
( FP-MUL )
FP debug: upn: result      "37.150000000000000000"
FP debug: upn: calculating "2"
FP debug: upn: result      "2"
FP debug: upn: calculating "round(37.150000000000000000:2)"
( FP-ROUND )
FP debug: upn: result      "37.15"
FP debug: upn: +++ result of upn-expression is "(37.15)"
) ( FP-UPN
FP debug: upn: +++ computing upn-expression "myfontscale fontSizeY * 2 round"
FP debug: upn: calculating "myfontscale"
FP debug: upn: result      "0.50"
FP debug: upn: calculating "fontSizeY"
FP debug: upn: result      "93"
FP debug: upn: calculating "93 mul 0.50"
( FP-MUL )
FP debug: upn: result      "46.500000000000000000"
FP debug: upn: calculating "2"
FP debug: upn: result      "2"
FP debug: upn: calculating "round(46.500000000000000000:2)"
( FP-ROUND )
FP debug: upn: result      "46.50"
FP debug: upn: +++ result of upn-expression is "(46.50)"
) ( FP-UPN
FP debug: upn: +++ computing upn-expression "myfontscale fontSizeX * 2 round"
FP debug: upn: calculating "myfontscale"
FP debug: upn: result      "0.50"
FP debug: upn: calculating "fontSizeX"
FP debug: upn: result      "89.16"
FP debug: upn: calculating "89.16 mul 0.50"
( FP-MUL )
FP debug: upn: result      "44.580000000000000000"
FP debug: upn: calculating "2"
FP debug: upn: result      "2"
FP debug: upn: calculating "round(44.580000000000000000:2)"
( FP-ROUND )
FP debug: upn: result      "44.58"
FP debug: upn: +++ result of upn-expression is "(44.58)"
) ( FP-UPN
FP debug: upn: +++ computing upn-expression "myfontscale fontSizeY * 2 round"
FP debug: upn: calculating "myfontscale"
FP debug: upn: result      "0.50"
FP debug: upn: calculating "fontSizeY"
FP debug: upn: result      "112"
FP debug: upn: calculating "112 mul 0.50"
( FP-MUL )
FP debug: upn: result      "56.000000000000000000"
FP debug: upn: calculating "2"
FP debug: upn: result      "2"
FP debug: upn: calculating "round(56.000000000000000000:2)"
( FP-ROUND )
FP debug: upn: result      "56.00"
FP debug: upn: +++ result of upn-expression is "(56.00)"
) ( FP-UPN
FP debug: upn: +++ computing upn-expression "myfontscale fontSizeX * 2 round"
FP debug: upn: calculating "myfontscale"
FP debug: upn: result      "0.50"
FP debug: upn: calculating "fontSizeX"
FP debug: upn: result      "107"
FP debug: upn: calculating "107 mul 0.50"
( FP-MUL )
FP debug: upn: result      "53.500000000000000000"
FP debug: upn: calculating "2"
FP debug: upn: result      "2"
FP debug: upn: calculating "round(53.500000000000000000:2)"
( FP-ROUND )
FP debug: upn: result      "53.50"
FP debug: upn: +++ result of upn-expression is "(53.50)"
) ( FP-UPN
FP debug: upn: +++ computing upn-expression "myfontscale fontSizeY * 2 round"
FP debug: upn: calculating "myfontscale"
FP debug: upn: result      "0.50"
FP debug: upn: calculating "fontSizeY"
FP debug: upn: result      "134"
FP debug: upn: calculating "134 mul 0.50"
( FP-MUL )
FP debug: upn: result      "67.000000000000000000"
FP debug: upn: calculating "2"
FP debug: upn: result      "2"
FP debug: upn: calculating "round(67.000000000000000000:2)"
( FP-ROUND )
FP debug: upn: result      "67.00"
FP debug: upn: +++ result of upn-expression is "(67.00)"
) ( FP-UPN
FP debug: upn: +++ computing upn-expression "labelWidthValue myfontscale * 2 ro
und"
FP debug: upn: calculating "labelWidthValue"
FP debug: upn: result      "1"
FP debug: upn: calculating "myfontscale"
FP debug: upn: result      "0.50"
FP debug: upn: calculating "0.50 mul 1"
( FP-MUL )
FP debug: upn: result      "0.500000000000000000"
FP debug: upn: calculating "2"
FP debug: upn: result      "2"
FP debug: upn: calculating "round(0.500000000000000000:2)"
( FP-ROUND )
FP debug: upn: result      "0.50"
FP debug: upn: +++ result of upn-expression is "(0.50)"
) ( FP-UPN
FP debug: upn: +++ computing upn-expression "labelSepValue myfontscale * 2 roun
d"
FP debug: upn: calculating "labelSepValue"
FP debug: upn: result      "1"
FP debug: upn: calculating "myfontscale"
FP debug: upn: result      "0.50"
FP debug: upn: calculating "0.50 mul 1"
( FP-MUL )
FP debug: upn: result      "0.500000000000000000"
FP debug: upn: calculating "2"
FP debug: upn: result      "2"
FP debug: upn: calculating "round(0.500000000000000000:2)"
( FP-ROUND )
FP debug: upn: result      "0.50"
FP debug: upn: +++ result of upn-expression is "(0.50)"
) ( FP-UPN
FP debug: upn: +++ computing upn-expression "indentionLevelValuei myfontscale *
 2 round"
FP debug: upn: calculating "indentionLevelValuei"
FP debug: upn: result      "4"
FP debug: upn: calculating "myfontscale"
FP debug: upn: result      "0.50"
FP debug: upn: calculating "0.50 mul 4"
( FP-MUL )
FP debug: upn: result      "2.000000000000000000"
FP debug: upn: calculating "2"
FP debug: upn: result      "2"
FP debug: upn: calculating "round(2.000000000000000000:2)"
( FP-ROUND )
FP debug: upn: result      "2.00"
FP debug: upn: +++ result of upn-expression is "(2.00)"
) ( FP-UPN
FP debug: upn: +++ computing upn-expression "indentionLevelValueii myfontscale 
* 2 round"
FP debug: upn: calculating "indentionLevelValueii"
FP debug: upn: result      "2.2"
FP debug: upn: calculating "myfontscale"
FP debug: upn: result      "0.50"
FP debug: upn: calculating "0.50 mul 2.2"
( FP-MUL )
FP debug: upn: result      "1.100000000000000000"
FP debug: upn: calculating "2"
FP debug: upn: result      "2"
FP debug: upn: calculating "round(1.100000000000000000:2)"
( FP-ROUND )
FP debug: upn: result      "1.10"
FP debug: upn: +++ result of upn-expression is "(1.10)"
) ( FP-UPN
FP debug: upn: +++ computing upn-expression "indentionLevelValueiii myfontscale
 * 2 round"
FP debug: upn: calculating "indentionLevelValueiii"
FP debug: upn: result      "1.87"
FP debug: upn: calculating "myfontscale"
FP debug: upn: result      "0.50"
FP debug: upn: calculating "0.50 mul 1.87"
( FP-MUL )
FP debug: upn: result      "0.935000000000000000"
FP debug: upn: calculating "2"
FP debug: upn: result      "2"
FP debug: upn: calculating "round(0.935000000000000000:2)"
( FP-ROUND )
FP debug: upn: result      "0.94"
FP debug: upn: +++ result of upn-expression is "(0.94)"
) ( FP-UPN
FP debug: upn: +++ computing upn-expression "bibIconScaleValue myfontscale * 2 
round"
FP debug: upn: calculating "bibIconScaleValue"
FP debug: upn: result      "2"
FP debug: upn: calculating "myfontscale"
FP debug: upn: result      "0.50"
FP debug: upn: calculating "0.50 mul 2"
( FP-MUL )
FP debug: upn: result      "1.000000000000000000"
FP debug: upn: calculating "2"
FP debug: upn: result      "2"
FP debug: upn: calculating "round(1.000000000000000000:2)"
( FP-ROUND )
FP debug: upn: result      "1.00"
FP debug: upn: +++ result of upn-expression is "(1.00)"
)) (c:/texlive/2020/texmf-dist/tex/latex/tools/longtable.sty
Package: longtable 2020/01/07 v4.13 Multi-page Table package (DPC)
\LTleft=\skip64
\LTright=\skip65
\LTpre=\skip66
\LTpost=\skip67
\LTchunksize=\count333
\LTcapwidth=\dimen285
\LT@head=\box72
\LT@firsthead=\box73
\LT@foot=\box74
\LT@lastfoot=\box75
\LT@cols=\count334
\LT@rows=\count335
\c@LT@tables=\count336
\c@LT@chunks=\count337
\LT@p@ftn=\toks46
)

Package hyperref Warning: Token not allowed in a PDF string (Unicode):
(hyperref)                removing `\\' on input line 71.


Package hyperref Warning: Token not allowed in a PDF string (Unicode):
(hyperref)                removing `\new@ifnextchar' on input line 71.


Package hyperref Warning: Token not allowed in a PDF string (Unicode):
(hyperref)                removing `\bigskipamount' on input line 71.


Package hyperref Warning: Token not allowed in a PDF string (Unicode):
(hyperref)                removing `\\' on input line 71.

LaTeX Font Info:    Trying to load font information for OT1+ptm on input line 7
4.
(c:/texlive/2020/texmf-dist/tex/latex/psnfss/ot1ptm.fd
File: ot1ptm.fd 2001/06/04 font definitions for OT1/ptm.
)
(c:/texlive/2020/texmf-dist/tex/latex/l3backend/l3backend-pdftex.def
File: l3backend-pdftex.def 2021-02-06 L3 backend support: PDF output (pdfTeX)
\l__color_backend_stack_int=\count338
\l__pdf_internal_box=\box76
)
(./dcr_white_identity_sources_mpsa_2021.aux)
\openout1 = `dcr_white_identity_sources_mpsa_2021.aux'.

LaTeX Font Info:    Checking defaults for OML/cmm/m/it on input line 74.
LaTeX Font Info:    ... okay on input line 74.
LaTeX Font Info:    Checking defaults for OMS/cmsy/m/n on input line 74.
LaTeX Font Info:    ... okay on input line 74.
LaTeX Font Info:    Checking defaults for OT1/cmr/m/n on input line 74.
LaTeX Font Info:    ... okay on input line 74.
LaTeX Font Info:    Checking defaults for T1/cmr/m/n on input line 74.
LaTeX Font Info:    ... okay on input line 74.
LaTeX Font Info:    Checking defaults for TS1/cmr/m/n on input line 74.
LaTeX Font Info:    ... okay on input line 74.
LaTeX Font Info:    Checking defaults for OMX/cmex/m/n on input line 74.
LaTeX Font Info:    ... okay on input line 74.
LaTeX Font Info:    Checking defaults for U/cmr/m/n on input line 74.
LaTeX Font Info:    ... okay on input line 74.
LaTeX Font Info:    Checking defaults for PD1/pdf/m/n on input line 74.
LaTeX Font Info:    ... okay on input line 74.
LaTeX Font Info:    Checking defaults for PU/pdf/m/n on input line 74.
LaTeX Font Info:    ... okay on input line 74.

*geometry* driver: auto-detecting
*geometry* detected driver: pdftex
*geometry* verbose mode - [ preamble ] result:
* driver: pdftex
* paper: custom
* layout: <same size as paper>
* layoutoffset:(h,v)=(0.0pt,0.0pt)
* modes: includehead includefoot 
* h-part:(L,W,R)=(28.45274pt, 398.3386pt, 28.45274pt)
* v-part:(T,H,B)=(0.0pt, 277.41437pt, 0.0pt)
* \paperwidth=455.24408pt
* \paperheight=277.41437pt
* \textwidth=398.3386pt
* \textheight=248.96164pt
* \oddsidemargin=-43.81725pt
* \evensidemargin=-43.81725pt
* \topmargin=-72.26999pt
* \headheight=14.22636pt
* \headsep=0.0pt
* \topskip=11.0pt
* \footskip=14.22636pt
* \marginparwidth=4.0pt
* \marginparsep=10.0pt
* \columnsep=10.0pt
* \skip\footins=10.0pt plus 4.0pt minus 2.0pt
* \hoffset=0.0pt
* \voffset=0.0pt
* \mag=1000
* \@twocolumnfalse
* \@twosidefalse
* \@mparswitchfalse
* \@reversemarginfalse
* (1in=72.27pt=25.4mm, 1cm=28.453pt)

(c:/texlive/2020/texmf-dist/tex/context/base/mkii/supp-pdf.mkii
[Loading MPS to PDF converter (version 2006.09.02).]
\scratchcounter=\count339
\scratchdimen=\dimen286
\scratchbox=\box77
\nofMPsegments=\count340
\nofMParguments=\count341
\everyMPshowfont=\toks47
\MPscratchCnt=\count342
\MPscratchDim=\dimen287
\MPnumerator=\count343
\makeMPintoPDFobject=\count344
\everyMPtoPDFconversion=\toks48
) (c:/texlive/2020/texmf-dist/tex/latex/epstopdf-pkg/epstopdf-base.sty
Package: epstopdf-base 2020-01-24 v2.11 Base part for package epstopdf
Package epstopdf-base Info: Redefining graphics rule for `.eps' on input line 4
85.

(c:/texlive/2020/texmf-dist/tex/latex/latexconfig/epstopdf-sys.cfg
File: epstopdf-sys.cfg 2010/07/13 v1.3 Configuration of (r)epstopdf for TeX Liv
e
))
Package hyperref Info: Link coloring OFF on input line 74.

(c:/texlive/2020/texmf-dist/tex/latex/hyperref/nameref.sty
Package: nameref 2021-04-02 v2.47 Cross-referencing by name of section

(c:/texlive/2020/texmf-dist/tex/latex/refcount/refcount.sty
Package: refcount 2019/12/15 v3.6 Data extraction from label references (HO)
)
(c:/texlive/2020/texmf-dist/tex/generic/gettitlestring/gettitlestring.sty
Package: gettitlestring 2019/12/15 v1.6 Cleanup title references (HO)
)
\c@section@level=\count345
)
LaTeX Info: Redefining \ref on input line 74.
LaTeX Info: Redefining \pageref on input line 74.
LaTeX Info: Redefining \nameref on input line 74.

(./dcr_white_identity_sources_mpsa_2021.out)
(./dcr_white_identity_sources_mpsa_2021.out)
\@outlinefile=\write7
\openout7 = `dcr_white_identity_sources_mpsa_2021.out'.

\symnumbers=\mathgroup8
\sympureletters=\mathgroup9
LaTeX Font Info:    Overwriting math alphabet `\mathrm' in version `normal'
(Font)                  OT1/ztmcm/m/n --> OT1/ptm/m/n on input line 74.
LaTeX Font Info:    Redeclaring math alphabet \mathbf on input line 74.
LaTeX Font Info:    Overwriting math alphabet `\mathbf' in version `normal'
(Font)                  OT1/ptm/bx/n --> OT1/ptm/b/n on input line 74.
LaTeX Font Info:    Overwriting math alphabet `\mathbf' in version `bold'
(Font)                  OT1/ptm/bx/n --> OT1/ptm/b/n on input line 74.
LaTeX Font Info:    Redeclaring math alphabet \mathsf on input line 74.
LaTeX Font Info:    Overwriting math alphabet `\mathsf' in version `normal'
(Font)                  OT1/cmss/m/n --> OT1/cmss/m/n on input line 74.
LaTeX Font Info:    Overwriting math alphabet `\mathsf' in version `bold'
(Font)                  OT1/cmss/bx/n --> OT1/cmss/m/n on input line 74.
LaTeX Font Info:    Redeclaring math alphabet \mathit on input line 74.
LaTeX Font Info:    Overwriting math alphabet `\mathit' in version `normal'
(Font)                  OT1/ptm/m/it --> OT1/ptm/m/it on input line 74.
LaTeX Font Info:    Overwriting math alphabet `\mathit' in version `bold'
(Font)                  OT1/ptm/m/it --> OT1/ptm/m/it on input line 74.
LaTeX Font Info:    Redeclaring math alphabet \mathtt on input line 74.
LaTeX Font Info:    Overwriting math alphabet `\mathtt' in version `normal'
(Font)                  OT1/cmtt/m/n --> OT1/cmtt/m/n on input line 74.
LaTeX Font Info:    Overwriting math alphabet `\mathtt' in version `bold'
(Font)                  OT1/cmtt/m/n --> OT1/cmtt/m/n on input line 74.
LaTeX Font Info:    Overwriting symbol font `numbers' in version `bold'
(Font)                  OT1/ptm/m/n --> OT1/ptm/b/n on input line 74.
LaTeX Font Info:    Overwriting symbol font `pureletters' in version `bold'
(Font)                  OT1/ptm/m/it --> OT1/ptm/b/it on input line 74.
LaTeX Font Info:    Overwriting math alphabet `\mathrm' in version `bold'
(Font)                  OT1/ztmcm/m/n --> OT1/ptm/b/n on input line 74.
LaTeX Font Info:    Overwriting math alphabet `\mathbf' in version `bold'
(Font)                  OT1/ptm/b/n --> OT1/ptm/b/n on input line 74.
LaTeX Font Info:    Overwriting math alphabet `\mathsf' in version `bold'
(Font)                  OT1/cmss/m/n --> OT1/cmss/b/n on input line 74.
LaTeX Font Info:    Overwriting math alphabet `\mathit' in version `bold'
(Font)                  OT1/ptm/m/it --> OT1/ptm/b/it on input line 74.
LaTeX Font Info:    Overwriting math alphabet `\mathtt' in version `bold'
(Font)                  OT1/cmtt/m/n --> OT1/cmtt/b/n on input line 74.

(c:/texlive/2020/texmf-dist/tex/latex/translator/translator-basic-dictionary-En
glish.dict
Dictionary: translator-basic-dictionary, Language: English 
)
(c:/texlive/2020/texmf-dist/tex/latex/translator/translator-bibliography-dictio
nary-English.dict
Dictionary: translator-bibliography-dictionary, Language: English 
)
(c:/texlive/2020/texmf-dist/tex/latex/translator/translator-environment-diction
ary-English.dict
Dictionary: translator-environment-dictionary, Language: English 
)
(c:/texlive/2020/texmf-dist/tex/latex/translator/translator-months-dictionary-E
nglish.dict
Dictionary: translator-months-dictionary, Language: English 
)
(c:/texlive/2020/texmf-dist/tex/latex/translator/translator-numbers-dictionary-
English.dict
Dictionary: translator-numbers-dictionary, Language: English 
)
(c:/texlive/2020/texmf-dist/tex/latex/translator/translator-theorem-dictionary-
English.dict
Dictionary: translator-theorem-dictionary, Language: English 
) (./dcr_white_identity_sources_mpsa_2021.nav)
LaTeX Font Info:    Trying to load font information for TS1+ptm on input line 7
4.

(c:/texlive/2020/texmf-dist/tex/latex/psnfss/ts1ptm.fd
File: ts1ptm.fd 2001/06/04 font definitions for TS1/ptm.
)
LaTeX Font Info:    Trying to load font information for OT1+ztmcm on input line
 74.

(c:/texlive/2020/texmf-dist/tex/latex/psnfss/ot1ztmcm.fd
File: ot1ztmcm.fd 2000/01/03 Fontinst v1.801 font definitions for OT1/ztmcm.
)
LaTeX Font Info:    Trying to load font information for OML+ztmcm on input line
 74.

(c:/texlive/2020/texmf-dist/tex/latex/psnfss/omlztmcm.fd
File: omlztmcm.fd 2000/01/03 Fontinst v1.801 font definitions for OML/ztmcm.
)
LaTeX Font Info:    Trying to load font information for OMS+ztmcm on input line
 74.

(c:/texlive/2020/texmf-dist/tex/latex/psnfss/omsztmcm.fd
File: omsztmcm.fd 2000/01/03 Fontinst v1.801 font definitions for OMS/ztmcm.
)
LaTeX Font Info:    Trying to load font information for OMX+ztmcm on input line
 74.

(c:/texlive/2020/texmf-dist/tex/latex/psnfss/omxztmcm.fd
File: omxztmcm.fd 2000/01/03 Fontinst v1.801 font definitions for OMX/ztmcm.
)
LaTeX Font Info:    Font shape `OT1/ptm/bx/n' in size <6> not available
(Font)              Font shape `OT1/ptm/b/n' tried instead on input line 74.
LaTeX Font Info:    Font shape `OT1/ptm/bx/n' in size <5> not available
(Font)              Font shape `OT1/ptm/b/n' tried instead on input line 74.
LaTeX Font Info:    Calculating math sizes for size <12.44> on input line 76.
LaTeX Font Info:    Font shape `OT1/ptm/bx/n' in size <12.44> not available
(Font)              Font shape `OT1/ptm/b/n' tried instead on input line 76.
LaTeX Font Info:    Font shape `OT1/ptm/bx/n' in size <9.20566> not available
(Font)              Font shape `OT1/ptm/b/n' tried instead on input line 76.
LaTeX Font Info:    Font shape `OT1/ptm/bx/n' in size <7.46407> not available
(Font)              Font shape `OT1/ptm/b/n' tried instead on input line 76.
 [1

{c:/texlive/2020/texmf-var/fonts/map/pdftex/updmap/pdftex.map}] [2

] [3

] [4

]
LaTeX Font Info:    Calculating math sizes for size <7.2> on input line 131.
LaTeX Font Info:    Font shape `OT1/ptm/bx/n' in size <7.2> not available
(Font)              Font shape `OT1/ptm/b/n' tried instead on input line 131.
LaTeX Font Info:    Font shape `OT1/ptm/bx/n' in size <5.32803> not available
(Font)              Font shape `OT1/ptm/b/n' tried instead on input line 131.
LaTeX Font Info:    Font shape `OT1/ptm/bx/n' in size <4.32004> not available
(Font)              Font shape `OT1/ptm/b/n' tried instead on input line 131.

Overfull \vbox (3.0844pt too high) detected at line 131
 []

[5

] [6

] [7

] [8

]
\tf@nav=\write8
\openout8 = `dcr_white_identity_sources_mpsa_2021.nav'.

\tf@toc=\write9
\openout9 = `dcr_white_identity_sources_mpsa_2021.toc'.

\tf@snm=\write10
\openout10 = `dcr_white_identity_sources_mpsa_2021.snm'.

 (./dcr_white_identity_sources_mpsa_2021.aux)
Package rerunfilecheck Info: File `dcr_white_identity_sources_mpsa_2021.out' ha
s not changed.
(rerunfilecheck)             Checksum: D41D8CD98F00B204E9800998ECF8427E;0.
 ) 
Here is how much of TeX's memory you used:
 22005 strings out of 479302
 399625 string characters out of 5871204
 711890 words of memory out of 5000000
 38636 multiletter control sequences out of 15000+600000
 449531 words of font info for 126 fonts, out of 8000000 for 9000
 1141 hyphenation exceptions out of 8191
 112i,18n,116p,808b,565s stack positions out of 5000i,500n,10000p,200000b,80000s
{c:/texlive/2020/texmf-dist/fonts/enc/dvips/base/8r.enc}<c:/texlive/2020/texm
f-dist/fonts/type1/public/amsfonts/cm/cmmi10.pfb><c:/texlive/2020/texmf-dist/fo
nts/type1/public/amsfonts/cm/cmsy10.pfb><c:/texlive/2020/texmf-dist/fonts/type1
/public/amsfonts/symbols/msam10.pfb><c:/texlive/2020/texmf-dist/fonts/type1/urw
/times/utmb8a.pfb><c:/texlive/2020/texmf-dist/fonts/type1/urw/times/utmr8a.pfb>
<c:/texlive/2020/texmf-dist/fonts/type1/urw/times/utmri8a.pfb>
Output written on dcr_white_identity_sources_mpsa_2021.pdf (8 pages, 77197 byte
s).
PDF statistics:
 271 PDF objects out of 1000 (max. 8388607)
 239 compressed objects within 3 object streams
 17 named destinations out of 1000 (max. 500000)
 79 words of extra memory for PDF output out of 10000 (max. 10000000)

